Flow report for PWM_LED
Mon Jun 09 16:26:57 2025
Quartus II 64-Bit Version 9.1 Build 222 10/21/2009 SJ Full Version


---------------------
; Table of Contents ;
---------------------
  1. Legal Notice
  2. Flow Summary
  3. Flow Settings
  4. Flow Non-Default Global Settings
  5. Flow Elapsed Time
  6. Flow OS Summary
  7. Flow Log



----------------
; Legal Notice ;
----------------
Copyright (C) 1991-2009 Altera Corporation
Your use of Altera Corporation's design tools, logic functions 
and other software and tools, and its AMPP partner logic 
functions, and any output files from any of the foregoing 
(including device programming or simulation files), and any 
associated documentation or information are expressly subject 
to the terms and conditions of the Altera Program License 
Subscription Agreement, Altera MegaCore Function License 
Agreement, or other applicable license agreement, including, 
without limitation, that your use is for the sole purpose of 
programming logic devices manufactured by Altera and sold by 
Altera or its authorized distributors.  Please refer to the 
applicable agreement for further details.



+-------------------------------------------------------------------------------+
; Flow Summary                                                                  ;
+------------------------------------+------------------------------------------+
; Flow Status                        ; Successful - Mon Jun 09 16:26:57 2025    ;
; Quartus II 64-Bit Version          ; 9.1 Build 222 10/21/2009 SJ Full Version ;
; Revision Name                      ; PWM_LED                                  ;
; Top-level Entity Name              ; PWM_LED                                  ;
; Family                             ; Cyclone II                               ;
; Device                             ; EP2C70F896C6                             ;
; Timing Models                      ; Final                                    ;
; Met timing requirements            ; Yes                                      ;
; Total logic elements               ; 2,806 / 68,416 ( 4 % )                   ;
;     Total combinational functions  ; 2,535 / 68,416 ( 4 % )                   ;
;     Dedicated logic registers      ; 1,633 / 68,416 ( 2 % )                   ;
; Total registers                    ; 1633                                     ;
; Total pins                         ; 36 / 622 ( 6 % )                         ;
; Total virtual pins                 ; 0                                        ;
; Total memory bits                  ; 160,256 / 1,152,000 ( 14 % )             ;
; Embedded Multiplier 9-bit elements ; 4 / 300 ( 1 % )                          ;
; Total PLLs                         ; 0 / 4 ( 0 % )                            ;
+------------------------------------+------------------------------------------+


+-----------------------------------------+
; Flow Settings                           ;
+-------------------+---------------------+
; Option            ; Setting             ;
+-------------------+---------------------+
; Start date & time ; 06/09/2025 16:26:17 ;
; Main task         ; Compilation         ;
; Revision Name     ; PWM_LED             ;
+-------------------+---------------------+


+---------------------------------------------------------------------------------------------------------------------+
; Flow Non-Default Global Settings                                                                                    ;
+------------------------------------+---------------------------------+---------------+-------------+----------------+
; Assignment Name                    ; Value                           ; Default Value ; Entity Name ; Section Id     ;
+------------------------------------+---------------------------------+---------------+-------------+----------------+
; COMPILER_SIGNATURE_ID              ; 246337690809440.174945757626052 ; --            ; --          ; --             ;
; IP_TOOL_NAME                       ; LPM_COUNTER                     ; --            ; --          ; --             ;
; IP_TOOL_NAME                       ; LPM_COMPARE                     ; --            ; --          ; --             ;
; IP_TOOL_NAME                       ; LPM_COMPARE                     ; --            ; --          ; --             ;
; IP_TOOL_NAME                       ; LPM_COMPARE                     ; --            ; --          ; --             ;
; IP_TOOL_NAME                       ; LPM_COMPARE                     ; --            ; --          ; --             ;
; IP_TOOL_NAME                       ; LPM_COMPARE                     ; --            ; --          ; --             ;
; IP_TOOL_VERSION                    ; 9.1                             ; --            ; --          ; --             ;
; IP_TOOL_VERSION                    ; 9.1                             ; --            ; --          ; --             ;
; IP_TOOL_VERSION                    ; 9.1                             ; --            ; --          ; --             ;
; IP_TOOL_VERSION                    ; 9.1                             ; --            ; --          ; --             ;
; IP_TOOL_VERSION                    ; 9.1                             ; --            ; --          ; --             ;
; IP_TOOL_VERSION                    ; 9.1                             ; --            ; --          ; --             ;
; MAX_CORE_JUNCTION_TEMP             ; 85                              ; --            ; --          ; --             ;
; MIN_CORE_JUNCTION_TEMP             ; 0                               ; --            ; --          ; --             ;
; MISC_FILE                          ; C:/altera/PWM_LED/PWM_LED.dpf   ; --            ; --          ; --             ;
; MISC_FILE                          ; myCounter_100.tdf               ; --            ; --          ; --             ;
; MISC_FILE                          ; myCounter_100.bsf               ; --            ; --          ; --             ;
; MISC_FILE                          ; myCompare_99.tdf                ; --            ; --          ; --             ;
; MISC_FILE                          ; myCompare_99.bsf                ; --            ; --          ; --             ;
; MISC_FILE                          ; myCounterPWM.tdf                ; --            ; --          ; --             ;
; MISC_FILE                          ; myCounterPWM.bsf                ; --            ; --          ; --             ;
; MISC_FILE                          ; ../DEC_SEG/my_compare.tdf       ; --            ; --          ; --             ;
; MISC_FILE                          ; ../DEC_SEG/my_compare.bsf       ; --            ; --          ; --             ;
; MISC_FILE                          ; ../DEC_SEG/compare.tdf          ; --            ; --          ; --             ;
; MISC_FILE                          ; ../DEC_SEG/compare.bsf          ; --            ; --          ; --             ;
; MISC_FILE                          ; ../DEC_SEG/mmycompare.tdf       ; --            ; --          ; --             ;
; MISC_FILE                          ; ../DEC_SEG/mmycompare.bsf       ; --            ; --          ; --             ;
; PARTITION_COLOR                    ; 16764057                        ; --            ; --          ; Top            ;
; PARTITION_NETLIST_TYPE             ; SOURCE                          ; --            ; --          ; Top            ;
; SOPC_BUILDER_SIGNATURE_ID          ; E00af68e34600000019753ba97a7    ; --            ; --          ; --             ;
; USE_GENERATED_PHYSICAL_CONSTRAINTS ; Off                             ; --            ; --          ; eda_blast_fpga ;
+------------------------------------+---------------------------------+---------------+-------------+----------------+


+-----------------------------------------------------------------------------------------------------------------------------+
; Flow Elapsed Time                                                                                                           ;
+-------------------------+--------------+-------------------------+---------------------+------------------------------------+
; Module Name             ; Elapsed Time ; Average Processors Used ; Peak Virtual Memory ; Total CPU Time (on all processors) ;
+-------------------------+--------------+-------------------------+---------------------+------------------------------------+
; Analysis & Synthesis    ; 00:00:16     ; 1.0                     ; 4531 MB             ; 00:00:12                           ;
; Fitter                  ; 00:00:15     ; 1.7                     ; 4649 MB             ; 00:00:11                           ;
; Assembler               ; 00:00:03     ; 1.0                     ; 4560 MB             ; 00:00:02                           ;
; Classic Timing Analyzer ; 00:00:02     ; 1.0                     ; 4401 MB             ; 00:00:01                           ;
; Total                   ; 00:00:36     ; --                      ; --                  ; 00:00:26                           ;
+-------------------------+--------------+-------------------------+---------------------+------------------------------------+


+------------------------------------------------------------------------------------------+
; Flow OS Summary                                                                          ;
+-------------------------+------------------+---------------+------------+----------------+
; Module Name             ; Machine Hostname ; OS Name       ; OS Version ; Processor type ;
+-------------------------+------------------+---------------+------------+----------------+
; Analysis & Synthesis    ; STEINSGATE       ; Windows Vista ; 6.2        ; x86_64         ;
; Fitter                  ; STEINSGATE       ; Windows Vista ; 6.2        ; x86_64         ;
; Assembler               ; STEINSGATE       ; Windows Vista ; 6.2        ; x86_64         ;
; Classic Timing Analyzer ; STEINSGATE       ; Windows Vista ; 6.2        ; x86_64         ;
+-------------------------+------------------+---------------+------------+----------------+


------------
; Flow Log ;
------------
quartus_map --read_settings_files=on --write_settings_files=off PWM_LED -c PWM_LED
quartus_fit --read_settings_files=off --write_settings_files=off PWM_LED -c PWM_LED
quartus_asm --read_settings_files=off --write_settings_files=off PWM_LED -c PWM_LED
quartus_tan --read_settings_files=off --write_settings_files=off PWM_LED -c PWM_LED --timing_analysis_only



